2025-11-02 10:57:18,372 - root - INFO -  TRADUTOR DE VOZ PARA LIBRAS v1.0.0
2025-11-02 10:57:18,372 - root - INFO - ==================================================
2025-11-02 10:57:18,372 - root - INFO - Inicializando reconhecimento de voz...
2025-11-02 10:57:18,375 - root - INFO - Conectando ao Arduino...
2025-11-02 10:57:20,384 - modules.serial_communication - INFO - Conectado ao Arduino em COM5
2025-11-02 10:57:20,384 - root - INFO -  Sistema inicializado com sucesso!
2025-11-02 10:57:20,384 - root - INFO - 
 Sistema pronto! Comandos:
2025-11-02 10:57:20,384 - root - INFO - - Pressione ENTER para falar
2025-11-02 10:57:20,384 - root - INFO - - Digite 'q' para sair
2025-11-02 10:57:20,384 - root - INFO - - Digite 'test' para testar Arduino
2025-11-02 10:57:22,844 - modules.speech_recognition_module - INFO - Ajustando para ruído ambiente...
2025-11-02 10:57:23,845 - modules.speech_recognition_module - INFO -  Fale algo (você tem 20s)...
2025-11-02 10:57:25,919 - modules.speech_recognition_module - INFO -  Processando...
2025-11-02 10:57:27,756 - modules.speech_recognition_module - INFO -  Texto reconhecido: 'OI'
2025-11-02 10:57:42,858 - modules.serial_communication - INFO - Enviando texto: OI
2025-11-02 10:57:44,919 - modules.serial_communication - INFO - Retornando servos para posicao 0...
2025-11-02 11:00:58,769 - modules.speech_recognition_module - INFO - Ajustando para ruído ambiente...
2025-11-02 11:00:59,771 - modules.speech_recognition_module - INFO -  Fale algo (você tem 20s)...
2025-11-02 11:01:03,114 - modules.speech_recognition_module - INFO -  Processando...
2025-11-02 11:01:03,884 - modules.speech_recognition_module - INFO -  Texto reconhecido: 'LAÍS EU AMO VOCÊ'
2025-11-02 11:01:10,961 - modules.serial_communication - INFO - Enviando texto: LAISEUAMOVOCE
2025-11-02 11:01:24,559 - modules.serial_communication - INFO - Retornando servos para posicao 0...
2025-11-02 11:13:29,630 - modules.speech_recognition_module - INFO - Ajustando para ruído ambiente...
2025-11-02 11:13:30,632 - modules.speech_recognition_module - INFO -  Fale algo (você tem 20s)...
2025-11-02 11:13:35,236 - modules.speech_recognition_module - INFO -  Processando...
2025-11-02 11:13:36,528 - modules.speech_recognition_module - INFO -  Texto reconhecido: 'FALA DE OU DEPOIS VEM AQUI PEGAR SUAS MEDALHAS'
2025-11-02 11:13:50,711 - modules.serial_communication - INFO - Enviando texto: FALADEOUDEPOISVEMAQUIPEGARSUASMEDALHAS
2025-11-02 11:14:30,535 - modules.serial_communication - INFO - Retornando servos para posicao 0...
2025-11-02 12:29:24,516 - modules.speech_recognition_module - INFO - Ajustando para ruído ambiente...
2025-11-02 12:29:25,518 - modules.speech_recognition_module - INFO -  Fale algo (você tem 20s)...
2025-11-02 12:29:28,049 - modules.speech_recognition_module - INFO -  Processando...
2025-11-02 12:29:28,548 - modules.speech_recognition_module - INFO -  Texto reconhecido: 'TESTE'
2025-11-02 12:29:39,611 - modules.serial_communication - INFO - Enviando texto: TESTE
2025-11-02 12:29:44,822 - modules.serial_communication - INFO - Retornando servos para posicao 0...
2025-11-02 12:33:44,787 - modules.serial_communication - INFO - Conexao serial fechada
2025-11-02 12:33:44,787 - root - INFO -  Sistema encerrado
