2025-11-02 09:25:26,879 - root - INFO -  TRADUTOR DE VOZ PARA LIBRAS v1.0.0
2025-11-02 09:25:26,880 - root - INFO - ==================================================
2025-11-02 09:25:26,880 - root - INFO - Inicializando reconhecimento de voz...
2025-11-02 09:25:26,880 - root - INFO - Conectando ao Arduino...
2025-11-02 09:25:28,901 - modules.serial_communication - INFO -  Conectado ao Arduino em COM5
2025-11-02 09:25:28,901 - root - INFO -  Sistema inicializado com sucesso!
2025-11-02 09:25:28,902 - root - INFO - 
 Sistema pronto! Comandos:
2025-11-02 09:25:28,902 - root - INFO - - Pressione ENTER para falar
2025-11-02 09:25:28,902 - root - INFO - - Digite 'q' para sair
2025-11-02 09:25:28,902 - root - INFO - - Digite 'test' para testar Arduino
2025-11-02 09:25:37,938 - modules.speech_recognition_module - INFO - Ajustando para ruído ambiente...
2025-11-02 09:25:38,940 - modules.speech_recognition_module - INFO -  Fale algo (você tem 20s)...
2025-11-02 09:25:46,985 - modules.speech_recognition_module - INFO -  Processando...
2025-11-02 09:25:47,809 - modules.speech_recognition_module - INFO -  Texto reconhecido: 'OLÁ BOM DIA'
2025-11-02 09:26:04,816 - modules.serial_communication - INFO -  Enviando texto: OLÁ BOM DIA
2025-11-02 09:26:16,627 - modules.serial_communication - ERROR - Erro no reset entre letras: Write timeout
2025-11-02 09:26:16,627 - modules.serial_communication - ERROR - Erro ao enviar L: WriteFile failed (PermissionError(13, 'Acesso negado.', None, 5))
2025-11-02 09:26:17,629 - modules.serial_communication - ERROR - Erro no reset entre letras: WriteFile failed (PermissionError(13, 'Acesso negado.', None, 5))
2025-11-02 09:26:17,629 - modules.serial_communication - ERROR - Erro ao enviar Á: WriteFile failed (PermissionError(13, 'Acesso negado.', None, 5))
2025-11-02 09:26:18,630 - modules.serial_communication - ERROR - Erro no reset entre letras: WriteFile failed (PermissionError(13, 'Acesso negado.', None, 5))
2025-11-02 09:26:18,630 - modules.serial_communication - ERROR - Erro ao enviar B: WriteFile failed (PermissionError(13, 'Acesso negado.', None, 5))
2025-11-02 09:26:19,631 - modules.serial_communication - ERROR - Erro no reset entre letras: WriteFile failed (PermissionError(13, 'Acesso negado.', None, 5))
2025-11-02 09:26:19,631 - modules.serial_communication - ERROR - Erro ao enviar O: WriteFile failed (PermissionError(13, 'Acesso negado.', None, 5))
2025-11-02 09:26:20,632 - modules.serial_communication - ERROR - Erro no reset entre letras: WriteFile failed (PermissionError(13, 'Acesso negado.', None, 5))
2025-11-02 09:26:20,632 - modules.serial_communication - ERROR - Erro ao enviar M: WriteFile failed (PermissionError(13, 'Acesso negado.', None, 5))
2025-11-02 09:26:21,632 - modules.serial_communication - ERROR - Erro no reset entre letras: WriteFile failed (PermissionError(13, 'Acesso negado.', None, 5))
2025-11-02 09:26:21,632 - modules.serial_communication - ERROR - Erro ao enviar D: WriteFile failed (PermissionError(13, 'Acesso negado.', None, 5))
2025-11-02 09:26:22,633 - modules.serial_communication - ERROR - Erro no reset entre letras: WriteFile failed (PermissionError(13, 'Acesso negado.', None, 5))
2025-11-02 09:26:22,633 - modules.serial_communication - ERROR - Erro ao enviar I: WriteFile failed (PermissionError(13, 'Acesso negado.', None, 5))
2025-11-02 09:26:23,634 - modules.serial_communication - ERROR - Erro no reset entre letras: WriteFile failed (PermissionError(13, 'Acesso negado.', None, 5))
2025-11-02 09:26:23,634 - modules.serial_communication - ERROR - Erro ao enviar A: WriteFile failed (PermissionError(13, 'Acesso negado.', None, 5))
2025-11-02 09:26:24,635 - modules.serial_communication - ERROR - Erro no reset entre letras: WriteFile failed (PermissionError(13, 'Acesso negado.', None, 5))
2025-11-02 09:26:24,640 - modules.serial_communication - ERROR - Erro ao resetar servos: WriteFile failed (PermissionError(13, 'Acesso negado.', None, 5))
2025-11-02 09:26:31,654 - modules.speech_recognition_module - INFO - Ajustando para ruído ambiente...
2025-11-02 09:26:32,655 - modules.speech_recognition_module - INFO -  Fale algo (você tem 20s)...
2025-11-02 09:26:35,244 - modules.speech_recognition_module - INFO -  Processando...
2025-11-02 09:26:35,725 - modules.speech_recognition_module - INFO -  Texto reconhecido: 'OLÁ'
2025-11-02 09:27:14,977 - modules.serial_communication - INFO -  Enviando texto: OLÁ
2025-11-02 09:27:14,977 - modules.serial_communication - ERROR - Erro ao enviar O: WriteFile failed (PermissionError(13, 'Acesso negado.', None, 5))
2025-11-02 09:27:15,988 - modules.serial_communication - ERROR - Erro no reset entre letras: WriteFile failed (PermissionError(13, 'Acesso negado.', None, 5))
2025-11-02 09:27:15,988 - modules.serial_communication - ERROR - Erro ao enviar L: WriteFile failed (PermissionError(13, 'Acesso negado.', None, 5))
2025-11-02 09:27:16,989 - modules.serial_communication - ERROR - Erro no reset entre letras: WriteFile failed (PermissionError(13, 'Acesso negado.', None, 5))
2025-11-02 09:27:16,989 - modules.serial_communication - ERROR - Erro ao enviar Á: WriteFile failed (PermissionError(13, 'Acesso negado.', None, 5))
2025-11-02 09:27:17,990 - modules.serial_communication - ERROR - Erro no reset entre letras: WriteFile failed (PermissionError(13, 'Acesso negado.', None, 5))
2025-11-02 09:27:17,993 - modules.serial_communication - ERROR - Erro ao resetar servos: WriteFile failed (PermissionError(13, 'Acesso negado.', None, 5))
2025-11-02 09:27:20,290 - modules.serial_communication - INFO - Conexão serial fechada
2025-11-02 09:27:20,290 - root - INFO -  Sistema encerrado
