2025-11-02 10:30:32,597 - root - INFO -  TRADUTOR DE VOZ PARA LIBRAS v1.0.0
2025-11-02 10:30:32,597 - root - INFO - ==================================================
2025-11-02 10:30:32,597 - root - INFO - Inicializando reconhecimento de voz...
2025-11-02 10:30:32,597 - root - INFO - Conectando ao Arduino...
2025-11-02 10:30:34,607 - modules.serial_communication - INFO - Conectado ao Arduino em COM5
2025-11-02 10:30:34,607 - root - INFO -  Sistema inicializado com sucesso!
2025-11-02 10:30:34,608 - root - INFO - 
 Sistema pronto! Comandos:
2025-11-02 10:30:34,608 - root - INFO - - Pressione ENTER para falar
2025-11-02 10:30:34,608 - root - INFO - - Digite 'q' para sair
2025-11-02 10:30:34,608 - root - INFO - - Digite 'test' para testar Arduino
2025-11-02 10:30:38,339 - modules.speech_recognition_module - INFO - Ajustando para ruído ambiente...
2025-11-02 10:30:39,340 - modules.speech_recognition_module - INFO -  Fale algo (você tem 20s)...
2025-11-02 10:30:43,404 - modules.speech_recognition_module - INFO -  Processando...
2025-11-02 10:30:43,930 - modules.speech_recognition_module - INFO -  Texto reconhecido: 'OLÁ'
2025-11-02 10:30:50,210 - modules.serial_communication - INFO - Enviando texto: OLA
2025-11-02 10:30:53,320 - modules.serial_communication - INFO - Retornando servos para posicao 0...
2025-11-02 10:31:13,073 - modules.speech_recognition_module - INFO - Ajustando para ruído ambiente...
2025-11-02 10:31:14,076 - modules.speech_recognition_module - INFO -  Fale algo (você tem 20s)...
2025-11-02 10:31:17,404 - modules.speech_recognition_module - INFO -  Processando...
2025-11-02 10:31:17,831 - modules.speech_recognition_module - INFO -  Texto reconhecido: 'OLÁ'
2025-11-02 10:31:23,125 - modules.serial_communication - INFO - Enviando texto: OLA
2025-11-02 10:31:26,234 - modules.serial_communication - INFO - Retornando servos para posicao 0...
2025-11-02 10:37:34,038 - modules.serial_communication - INFO - Conexao serial fechada
2025-11-02 10:37:34,038 - root - INFO -  Sistema encerrado
