2025-11-02 10:27:52,293 - root - INFO -  TRADUTOR DE VOZ PARA LIBRAS v1.0.0
2025-11-02 10:27:52,301 - root - INFO - ==================================================
2025-11-02 10:27:52,301 - root - INFO - Inicializando reconhecimento de voz...
2025-11-02 10:27:52,302 - root - INFO - Conectando ao Arduino...
2025-11-02 10:27:54,312 - modules.serial_communication - INFO - Conectado ao Arduino em COM5
2025-11-02 10:27:54,312 - root - INFO -  Sistema inicializado com sucesso!
2025-11-02 10:27:54,312 - root - INFO - 
 Sistema pronto! Comandos:
2025-11-02 10:27:54,312 - root - INFO - - Pressione ENTER para falar
2025-11-02 10:27:54,312 - root - INFO - - Digite 'q' para sair
2025-11-02 10:27:54,312 - root - INFO - - Digite 'test' para testar Arduino
2025-11-02 10:27:56,977 - modules.speech_recognition_module - INFO - Ajustando para ruído ambiente...
2025-11-02 10:27:57,979 - modules.speech_recognition_module - INFO -  Fale algo (você tem 20s)...
2025-11-02 10:28:05,260 - modules.speech_recognition_module - INFO -  Processando...
2025-11-02 10:28:05,858 - modules.speech_recognition_module - INFO -  Texto reconhecido: '123'
2025-11-02 10:28:09,962 - modules.speech_recognition_module - INFO - Ajustando para ruído ambiente...
2025-11-02 10:28:10,964 - modules.speech_recognition_module - INFO -  Fale algo (você tem 20s)...
2025-11-02 10:28:13,268 - modules.speech_recognition_module - INFO -  Processando...
2025-11-02 10:28:13,703 - modules.speech_recognition_module - WARNING -  Não foi possível entender o áudio
2025-11-02 10:28:16,915 - modules.speech_recognition_module - INFO - Ajustando para ruído ambiente...
2025-11-02 10:28:17,916 - modules.speech_recognition_module - INFO -  Fale algo (você tem 20s)...
2025-11-02 10:28:20,171 - modules.speech_recognition_module - INFO -  Processando...
2025-11-02 10:28:20,690 - modules.speech_recognition_module - INFO -  Texto reconhecido: 'OLÁ OLÁ'
2025-11-02 10:28:24,942 - modules.serial_communication - INFO - Enviando texto: OLÁ OLÁ
2025-11-02 10:28:31,212 - modules.serial_communication - INFO - Retornando servos para posicao 0...
2025-11-02 10:28:45,223 - modules.speech_recognition_module - INFO - Ajustando para ruído ambiente...
2025-11-02 10:28:46,224 - modules.speech_recognition_module - INFO -  Fale algo (você tem 20s)...
2025-11-02 10:28:48,619 - modules.speech_recognition_module - INFO -  Processando...
2025-11-02 10:28:49,100 - modules.speech_recognition_module - INFO -  Texto reconhecido: 'OLÁ'
2025-11-02 10:28:54,415 - modules.serial_communication - INFO - Enviando texto: OLÁ
2025-11-02 10:28:57,549 - modules.serial_communication - INFO - Retornando servos para posicao 0...
2025-11-02 10:30:30,242 - modules.serial_communication - INFO - Conexao serial fechada
2025-11-02 10:30:30,242 - root - INFO -  Sistema encerrado
