2025-11-02 01:49:26,628 - root - INFO -  TRADUTOR DE VOZ PARA LIBRAS v1.0.0
2025-11-02 01:49:26,629 - root - INFO - ==================================================
2025-11-02 01:49:26,629 - root - INFO - Inicializando reconhecimento de voz...
2025-11-02 01:49:26,629 - root - INFO - Conectando ao Arduino...
2025-11-02 01:49:28,644 - modules.serial_communication - INFO -  Conectado ao Arduino em COM4
2025-11-02 01:49:29,193 - root - INFO -  Sistema inicializado com sucesso!
2025-11-02 01:49:29,193 - root - INFO - 
 Sistema pronto! Comandos:
2025-11-02 01:49:29,193 - root - INFO - - Pressione ENTER para falar
2025-11-02 01:49:29,193 - root - INFO - - Digite 'q' para sair
2025-11-02 01:49:29,193 - root - INFO - - Digite 'test' para testar Arduino
2025-11-02 01:49:51,516 - modules.speech_recognition_module - INFO - Ajustando para ruído ambiente...
2025-11-02 01:49:52,518 - modules.speech_recognition_module - INFO -  Fale algo (você tem 20s)...
2025-11-02 01:49:56,965 - modules.speech_recognition_module - INFO -  Processando...
2025-11-02 01:49:58,096 - modules.speech_recognition_module - INFO -  Texto reconhecido: 'UM DOIS TRÊS QUATRO UM DOIS TRÊS QUATRO'
2025-11-02 01:50:02,910 - modules.serial_communication - INFO -  Enviando texto: UM DOIS TRÊS QUATRO UM DOIS TRÊS QUATRO
2025-11-02 01:50:44,663 - modules.speech_recognition_module - INFO - Ajustando para ruído ambiente...
2025-11-02 01:50:45,664 - modules.speech_recognition_module - INFO -  Fale algo (você tem 20s)...
2025-11-02 01:50:48,132 - modules.speech_recognition_module - INFO -  Processando...
2025-11-02 01:50:48,671 - modules.speech_recognition_module - INFO -  Texto reconhecido: 'TESTE TESTE'
2025-11-02 01:50:57,922 - modules.serial_communication - INFO -  Enviando texto: TESTE TESTE
2025-11-02 03:02:26,398 - modules.speech_recognition_module - INFO - Ajustando para ruído ambiente...
2025-11-02 03:02:27,398 - modules.speech_recognition_module - INFO -  Fale algo (você tem 20s)...
2025-11-02 03:02:33,736 - modules.speech_recognition_module - INFO -  Processando...
2025-11-02 03:02:34,119 - modules.speech_recognition_module - WARNING -  Não foi possível entender o áudio
2025-11-02 03:02:37,841 - modules.speech_recognition_module - INFO - Ajustando para ruído ambiente...
2025-11-02 03:02:38,842 - modules.speech_recognition_module - INFO -  Fale algo (você tem 20s)...
2025-11-02 03:02:40,842 - modules.speech_recognition_module - INFO -  Processando...
2025-11-02 03:02:41,286 - modules.speech_recognition_module - WARNING -  Não foi possível entender o áudio
2025-11-02 03:04:08,154 - modules.serial_communication - INFO - Conexão serial fechada
2025-11-02 03:04:08,155 - root - INFO -  Sistema encerrado
