2025-11-02 03:33:58,006 - root - INFO -  TRADUTOR DE VOZ PARA LIBRAS v1.0.0
2025-11-02 03:33:58,006 - root - INFO - ==================================================
2025-11-02 03:33:58,006 - root - INFO - Inicializando reconhecimento de voz...
2025-11-02 03:33:58,006 - root - INFO - Conectando ao Arduino...
2025-11-02 03:34:00,023 - modules.serial_communication - INFO -  Conectado ao Arduino em COM5
2025-11-02 03:34:00,023 - root - INFO -  Sistema inicializado com sucesso!
2025-11-02 03:34:00,023 - root - INFO - 
 Sistema pronto! Comandos:
2025-11-02 03:34:00,023 - root - INFO - - Pressione ENTER para falar
2025-11-02 03:34:00,024 - root - INFO - - Digite 'q' para sair
2025-11-02 03:34:00,024 - root - INFO - - Digite 'test' para testar Arduino
2025-11-02 03:34:03,074 - modules.speech_recognition_module - INFO - Ajustando para ruído ambiente...
2025-11-02 03:34:04,076 - modules.speech_recognition_module - INFO -  Fale algo (você tem 20s)...
2025-11-02 03:34:06,468 - modules.speech_recognition_module - INFO -  Processando...
2025-11-02 03:34:06,946 - modules.speech_recognition_module - INFO -  Texto reconhecido: 'TESTE'
2025-11-02 03:34:09,504 - modules.serial_communication - INFO -  Enviando texto: TESTE
2025-11-02 03:34:10,908 - modules.serial_communication - ERROR - Erro ao enviar S: WriteFile failed (PermissionError(13, 'Acesso negado.', None, 5))
2025-11-02 03:34:11,409 - modules.serial_communication - ERROR - Erro no reset entre letras: WriteFile failed (PermissionError(13, 'Acesso negado.', None, 5))
2025-11-02 03:34:11,409 - modules.serial_communication - ERROR - Erro ao enviar T: WriteFile failed (PermissionError(13, 'Acesso negado.', None, 5))
2025-11-02 03:34:11,910 - modules.serial_communication - ERROR - Erro no reset entre letras: WriteFile failed (PermissionError(13, 'Acesso negado.', None, 5))
2025-11-02 03:34:11,910 - modules.serial_communication - ERROR - Erro ao enviar E: WriteFile failed (PermissionError(13, 'Acesso negado.', None, 5))
2025-11-02 03:34:12,411 - modules.serial_communication - ERROR - Erro no reset entre letras: WriteFile failed (PermissionError(13, 'Acesso negado.', None, 5))
2025-11-02 03:34:12,414 - modules.serial_communication - ERROR - Erro ao resetar servos: WriteFile failed (PermissionError(13, 'Acesso negado.', None, 5))
2025-11-02 03:35:11,062 - modules.serial_communication - INFO - Conexão serial fechada
2025-11-02 03:35:11,062 - root - INFO -  Sistema encerrado
